<?xml version="1.0" encoding="UTF-8"?>
<testng-results skipped="0" failed="0" ignored="0" total="4" passed="4">
  <reporter-output>
  </reporter-output>
  <suite name="Suite" duration-ms="321" started-at="2019-10-15T14:37:27 IST" finished-at="2019-10-15T14:37:27 IST">
    <groups>
    </groups>
    <test name="Test" duration-ms="321" started-at="2019-10-15T14:37:27 IST" finished-at="2019-10-15T14:37:27 IST">
      <class name="qaclickacademy.RESTAPITest">
        <test-method status="PASS" signature="deleteTwitter()[pri:0, instance:qaclickacademy.RESTAPITest@1ed4004b]" name="deleteTwitter" duration-ms="4" started-at="2019-10-15T14:37:27 IST" finished-at="2019-10-15T14:37:27 IST">
          <reporter-output>
          </reporter-output>
        </test-method> <!-- deleteTwitter -->
        <test-method status="PASS" signature="postJira()[pri:0, instance:qaclickacademy.RESTAPITest@1ed4004b]" name="postJira" duration-ms="0" started-at="2019-10-15T14:37:27 IST" finished-at="2019-10-15T14:37:27 IST">
          <reporter-output>
          </reporter-output>
        </test-method> <!-- postJira -->
      </class> <!-- qaclickacademy.RESTAPITest -->
      <class name="qaclickacademy.SeleniumTest">
        <test-method status="PASS" signature="BrowserAutomation()[pri:0, instance:qaclickacademy.SeleniumTest@4566e5bd]" name="BrowserAutomation" duration-ms="20" started-at="2019-10-15T14:37:27 IST" finished-at="2019-10-15T14:37:27 IST">
          <reporter-output>
          </reporter-output>
        </test-method> <!-- BrowserAutomation -->
        <test-method status="PASS" signature="elementsUI()[pri:0, instance:qaclickacademy.SeleniumTest@4566e5bd]" name="elementsUI" duration-ms="1" started-at="2019-10-15T14:37:27 IST" finished-at="2019-10-15T14:37:27 IST">
          <reporter-output>
          </reporter-output>
        </test-method> <!-- elementsUI -->
      </class> <!-- qaclickacademy.SeleniumTest -->
    </test> <!-- Test -->
  </suite> <!-- Suite -->
</testng-results>
